2025-05-09 09:49:07,915 - pyexam - INFO - User authenticated: 1
2025-05-09 11:29:57,158 - pyexam - INFO - Loaded 0 exams from database
2025-05-09 11:29:57,158 - pyexam - INFO - Navigation initialized.
2025-05-09 11:30:00,668 - pyexam - INFO - User authenticated: 1
2025-05-09 11:44:28,060 - pyexam - INFO - Loaded 0 exams from database
2025-05-09 11:44:28,060 - pyexam - INFO - Navigation initialized.
2025-05-09 11:45:06,272 - pyexam - INFO - User authenticated: 1
2025-05-09 11:51:26,323 - pyexam - INFO - Loaded 0 exams from database
2025-05-09 11:51:26,323 - pyexam - INFO - Navigation initialized.
2025-05-09 11:51:32,435 - pyexam - INFO - User authenticated: 1
2025-05-09 11:51:54,777 - pyexam - INFO - Loaded 0 exams from database
2025-05-09 11:51:54,777 - pyexam - INFO - Navigation initialized.
2025-05-09 11:51:58,915 - pyexam - INFO - User authenticated: 1
2025-05-09 11:53:39,468 - pyexam - INFO - Loaded 0 exams from database
2025-05-09 11:53:39,468 - pyexam - INFO - Navigation initialized.
2025-05-09 11:53:44,773 - pyexam - INFO - User authenticated: 1
2025-05-09 12:06:06,837 - pyexam - INFO - Loaded 0 exams from database
2025-05-09 12:06:06,837 - pyexam - INFO - Navigation initialized.
2025-05-09 12:06:10,257 - pyexam - INFO - User authenticated: 1
2025-05-09 12:38:21,850 - pyexam - INFO - Loaded 0 exams from database
2025-05-09 12:38:21,850 - pyexam - INFO - Navigation initialized.
2025-05-09 12:38:24,143 - pyexam - INFO - User authenticated: 1
2025-05-09 12:38:51,533 - pyexam - INFO - Loaded 0 exams from database
2025-05-09 12:38:51,533 - pyexam - INFO - Navigation initialized.
2025-05-09 12:38:54,737 - pyexam - INFO - User authenticated: 1
2025-05-09 12:39:55,241 - pyexam - INFO - Loaded 0 exams from database
2025-05-09 12:39:55,241 - pyexam - INFO - Navigation initialized.
2025-05-09 12:39:57,705 - pyexam - INFO - User authenticated: 1
2025-05-09 12:40:01,931 - pyexam - INFO - User logged out
2025-05-09 12:41:10,940 - pyexam - INFO - User authenticated: 1
2025-05-09 12:42:02,027 - pyexam - INFO - User logged out
2025-05-09 12:42:14,919 - pyexam - INFO - Loaded 0 exams from database
2025-05-09 12:42:14,919 - pyexam - INFO - Navigation initialized.
2025-05-09 12:42:18,624 - pyexam - INFO - User authenticated: 1
2025-05-09 12:44:32,704 - pyexam - INFO - Loaded 0 exams from database
2025-05-09 12:44:32,704 - pyexam - INFO - Navigation initialized.
2025-05-09 12:44:39,975 - pyexam - INFO - User authenticated: 1
2025-05-09 12:49:57,592 - pyexam - INFO - Loaded 0 exams from database
2025-05-09 12:49:57,592 - pyexam - INFO - Navigation initialized.
2025-05-09 12:49:59,823 - pyexam - INFO - User authenticated: 1
2025-05-09 12:51:39,424 - pyexam - INFO - Loaded 0 exams from database
2025-05-09 12:51:39,424 - pyexam - INFO - Navigation initialized.
2025-05-09 12:51:41,933 - pyexam - INFO - User authenticated: 1
2025-05-09 12:51:49,642 - pyexam - INFO - User logged out
2025-05-09 12:51:56,958 - pyexam - INFO - User authenticated: 1
2025-05-09 12:54:09,127 - pyexam - INFO - Loaded 0 exams from database
2025-05-09 12:54:09,127 - pyexam - INFO - Navigation initialized.
2025-05-09 12:54:11,255 - pyexam - INFO - User authenticated: 1
2025-05-09 13:09:23,765 - pyexam - INFO - Loaded 0 exams from database
2025-05-09 13:09:23,765 - pyexam - INFO - Navigation initialized.
2025-05-09 13:09:27,552 - pyexam - INFO - User authenticated: 1
2025-05-09 13:09:31,147 - pyexam - INFO - User logged out
2025-05-09 13:09:39,270 - pyexam - INFO - Loaded 0 exams from database
2025-05-09 13:09:39,270 - pyexam - INFO - Navigation initialized.
2025-05-09 13:09:44,378 - pyexam - INFO - User authenticated: 1
2025-05-09 13:13:37,514 - pyexam - INFO - Loaded 0 exams from database
2025-05-09 13:13:37,514 - pyexam - INFO - Navigation initialized.
2025-05-09 13:13:39,990 - pyexam - INFO - User authenticated: 1
2025-05-09 13:16:22,646 - pyexam - INFO - Loaded 0 exams from database
2025-05-09 13:16:22,646 - pyexam - INFO - Navigation initialized.
2025-05-09 13:16:24,964 - pyexam - INFO - User authenticated: 1
2025-05-09 13:16:51,966 - pyexam - INFO - Loaded 0 exams from database
2025-05-09 13:16:51,966 - pyexam - INFO - Navigation initialized.
2025-05-09 13:16:56,034 - pyexam - INFO - User authenticated: 1
2025-05-09 13:17:11,371 - pyexam - INFO - User logged out
2025-05-09 13:25:05,326 - pyexam - INFO - Loaded 0 exams from database
2025-05-09 13:25:05,326 - pyexam - INFO - Navigation initialized.
2025-05-09 13:25:08,074 - pyexam - INFO - User authenticated: 1
2025-05-09 13:26:41,280 - pyexam - INFO - Loaded 0 exams from database
2025-05-09 13:26:41,280 - pyexam - INFO - Navigation initialized.
2025-05-09 13:26:43,206 - pyexam - INFO - User authenticated: 1
2025-05-09 13:28:15,742 - pyexam - INFO - Loaded 0 exams from database
2025-05-09 13:28:15,742 - pyexam - INFO - Navigation initialized.
2025-05-09 13:28:18,354 - pyexam - INFO - User authenticated: 1
2025-05-09 13:28:36,990 - pyexam - INFO - Loaded 0 exams from database
2025-05-09 13:28:36,990 - pyexam - INFO - Navigation initialized.
2025-05-09 13:28:38,855 - pyexam - INFO - User authenticated: 1
2025-05-09 13:29:48,959 - pyexam - INFO - Loaded 0 exams from database
2025-05-09 13:29:48,959 - pyexam - INFO - Navigation initialized.
2025-05-09 13:37:35,955 - pyexam - INFO - Loaded 0 exams from database
2025-05-09 13:37:35,956 - pyexam - INFO - Navigation initialized.
2025-05-09 13:37:39,552 - pyexam - INFO - User authenticated: 1
2025-05-09 13:43:43,340 - pyexam - INFO - Loaded 0 exams from database
2025-05-09 13:43:43,340 - pyexam - INFO - Navigation initialized.
2025-05-09 13:43:48,650 - pyexam - INFO - User authenticated: 1
2025-05-09 13:44:32,238 - pyexam - INFO - Loaded 0 exams from database
2025-05-09 13:44:32,238 - pyexam - INFO - Navigation initialized.
2025-05-09 13:44:37,237 - pyexam - WARNING - User not found: 3
2025-05-09 13:56:06,222 - pyexam - INFO - Loaded 0 exams from database
2025-05-09 13:56:06,222 - pyexam - INFO - Navigation initialized.
2025-05-09 13:57:20,040 - pyexam - INFO - Loaded 0 exams from database
2025-05-09 13:57:20,040 - pyexam - INFO - Navigation initialized.
2025-05-09 13:57:23,298 - pyexam - WARNING - User not found: 2
2025-05-09 13:57:27,341 - pyexam - WARNING - User not found: 2
2025-05-09 13:59:00,666 - pyexam - INFO - Loaded 0 exams from database
2025-05-09 13:59:00,666 - pyexam - INFO - Navigation initialized.
2025-05-09 13:59:04,138 - pyexam - WARNING - User not found: 2
2025-05-09 13:59:08,305 - pyexam - WARNING - User not found: 2
